info: 2025-04-28T06:08:07.993Z - Login attempt by user: root
info: 2025-04-28T06:08:59.455Z - Login attempt by user: ramya
info: 2025-04-28T06:43:50.801Z - Login attempt by user: sammi
info: 2025-04-28T09:53:32.895Z - Login attempt by user: samhitha
info: 2025-04-28T10:10:00.950Z - Login attempt by user: sreelatha
info: 2025-04-28T11:09:03.549Z - Login attempt by user: manikanta
info: 2025-04-28T11:33:29.405Z - Login attempt by user: manikanta
info: 2025-04-28T12:31:19.466Z - Login attempt by user: manikanta
info: 2025-04-28T13:02:38.899Z - Login attempt by user: eshwar
info: 2025-04-29T07:00:24.394Z - Login attempt by user: madhu
info: 2025-04-29T07:04:06.047Z - Login attempt by user: buddu
info: 2025-04-29T07:05:37.527Z - Login attempt by user: samhi
info: 2025-04-29T07:08:19.313Z - Login attempt by user: prabahs
info: 2025-04-29T07:14:34.694Z - Login attempt by user: fail
info: 2025-04-29T07:24:49.341Z - Login attempt by user: aaaa
info: 2025-04-29T07:42:22.118Z - Login attempt by user: sammi
info: 2025-04-29T07:45:38.532Z - Login attempt by user: lat
info: 2025-04-29T07:48:33.674Z - Login attempt by user: sudhana
info: 2025-04-29T07:54:52.785Z - Login attempt by user: sree
info: 2025-04-29T07:55:48.015Z - Login attempt by user: sammi
info: 2025-04-29T08:57:39.349Z - Login attempt by user: root
info: 2025-04-29T08:57:39.503Z - Login attempt by user: root
info: 2025-04-29T10:56:16.407Z - Login attempt by user: music
info: 2025-04-29T11:05:07.198Z - Login attempt by user: buddu17
info: 2025-04-29T11:08:27.484Z - Login attempt by user: one
info: 2025-04-29T11:12:43.089Z - Login attempt by user: buddu17
info: 2025-04-29T11:12:46.789Z - Login attempt by user: yalk
